<?xml version="1.0" encoding="UTF-8"?>
<testng-results skipped="0" failed="0" ignored="0" total="3" passed="3">
  <reporter-output>
  </reporter-output>
  <suite name="Suite" duration-ms="43170" started-at="2020-03-09T11:35:06Z" finished-at="2020-03-09T11:35:49Z">
    <groups>
      <group name="cucumber">
        <method signature="AbstractTestNGCucumberTests.runScenario(cucumber.api.testng.PickleEventWrapper, cucumber.api.testng.CucumberFeatureWrapper)[pri:0, instance:com.runner.TestRunnerClass@53b32d7]" name="runScenario" class="cucumber.api.testng.AbstractTestNGCucumberTests"/>
      </group> <!-- cucumber -->
    </groups>
    <test name="Test" duration-ms="43170" started-at="2020-03-09T11:35:06Z" finished-at="2020-03-09T11:35:49Z">
      <class name="com.runner.TestRunnerClass">
        <test-method status="PASS" signature="setUpClass()[pri:0, instance:com.runner.TestRunnerClass@53b32d7]" name="setUpClass" is-config="true" duration-ms="313" started-at="2020-03-09T11:35:06Z" finished-at="2020-03-09T11:35:07Z">
          <reporter-output>
          </reporter-output>
        </test-method> <!-- setUpClass -->
        <test-method status="PASS" signature="runScenario(cucumber.api.testng.PickleEventWrapper, cucumber.api.testng.CucumberFeatureWrapper)[pri:0, instance:com.runner.TestRunnerClass@53b32d7]" name="runScenario" duration-ms="42663" started-at="2020-03-09T11:35:07Z" description="Runs Cucumber Scenarios" data-provider="scenarios" finished-at="2020-03-09T11:35:49Z">
          <params>
            <param index="0">
              <value>
                <![CDATA["verifying login details"]]>
              </value>
            </param>
            <param index="1">
              <value>
                <![CDATA["verifying facebook details"]]>
              </value>
            </param>
          </params>
          <reporter-output>
          </reporter-output>
        </test-method> <!-- runScenario -->
        <test-method status="PASS" signature="runScenario(cucumber.api.testng.PickleEventWrapper, cucumber.api.testng.CucumberFeatureWrapper)[pri:0, instance:com.runner.TestRunnerClass@53b32d7]" name="runScenario" duration-ms="24442" started-at="2020-03-09T11:35:07Z" description="Runs Cucumber Scenarios" data-provider="scenarios" finished-at="2020-03-09T11:35:31Z">
          <params>
            <param index="0">
              <value>
                <![CDATA["verifying login details"]]>
              </value>
            </param>
            <param index="1">
              <value>
                <![CDATA["verifying facebook details"]]>
              </value>
            </param>
          </params>
          <reporter-output>
          </reporter-output>
        </test-method> <!-- runScenario -->
        <test-method status="PASS" signature="runScenario(cucumber.api.testng.PickleEventWrapper, cucumber.api.testng.CucumberFeatureWrapper)[pri:0, instance:com.runner.TestRunnerClass@53b32d7]" name="runScenario" duration-ms="29076" started-at="2020-03-09T11:35:07Z" description="Runs Cucumber Scenarios" data-provider="scenarios" finished-at="2020-03-09T11:35:36Z">
          <params>
            <param index="0">
              <value>
                <![CDATA["verifying login details"]]>
              </value>
            </param>
            <param index="1">
              <value>
                <![CDATA["verifying facebook details"]]>
              </value>
            </param>
          </params>
          <reporter-output>
          </reporter-output>
        </test-method> <!-- runScenario -->
        <test-method status="PASS" signature="tearDownClass()[pri:0, instance:com.runner.TestRunnerClass@53b32d7]" name="tearDownClass" is-config="true" duration-ms="22" started-at="2020-03-09T11:35:49Z" finished-at="2020-03-09T11:35:49Z">
          <reporter-output>
          </reporter-output>
        </test-method> <!-- tearDownClass -->
      </class> <!-- com.runner.TestRunnerClass -->
    </test> <!-- Test -->
  </suite> <!-- Suite -->
</testng-results>
